
fib.o:     file format elf32-littlearm


Disassembly of section .text:

00000000 <fib>:
   0:	b4f0      	push	{r4, r5, r6, r7}
   2:	2101      	movs	r1, #1
   4:	2201      	movs	r2, #1
   6:	2301      	movs	r3, #1
   8:	2400      	movs	r4, #0
   a:	2800      	cmp	r0, #0
   c:	d00a      	beq.n	24 <END>
   e:	2801      	cmp	r0, #1
  10:	d008      	beq.n	24 <END>

00000012 <LP>:
  12:	1e85      	subs	r5, r0, #2
  14:	42ac      	cmp	r4, r5
  16:	d204      	bcs.n	22 <RETURN>
  18:	188b      	adds	r3, r1, r2
  1a:	000a      	movs	r2, r1
  1c:	0019      	movs	r1, r3
  1e:	3401      	adds	r4, #1
  20:	e7f7      	b.n	12 <LP>

00000022 <RETURN>:
  22:	0018      	movs	r0, r3

00000024 <END>:
  24:	bcf0      	pop	{r4, r5, r6, r7}
  26:	4770      	bx	lr
