
member_array.o:     file format elf32-littlearm


Disassembly of section .text:

00000000 <member_array>:
   0:	b4f0      	push	{r4, r5, r6, r7}
   2:	2300      	movs	r3, #0

00000004 <LP1>:
   4:	58c4      	ldr	r4, [r0, r3]
   6:	428c      	cmp	r4, r1
   8:	d005      	beq.n	16 <T>
   a:	3304      	adds	r3, #4
   c:	3a01      	subs	r2, #1
   e:	2a00      	cmp	r2, #0
  10:	d1f8      	bne.n	4 <LP1>
  12:	2000      	movs	r0, #0
  14:	e001      	b.n	1a <END>

00000016 <T>:
  16:	2001      	movs	r0, #1
  18:	e7ff      	b.n	1a <END>

0000001a <END>:
  1a:	bcf0      	pop	{r4, r5, r6, r7}
  1c:	4770      	bx	lr
